This is pdfTeX, Version 3.141592653-2.6-1.40.25 (TeX Live 2023/nixos.org) (preloaded format=pdflatex 1980.1.1)  12 AUG 2024 00:35
entering extended mode
 \write18 enabled.
 %&-line parsing enabled.
**main.tex
(./main.tex
LaTeX2e <2023-11-01> patch level 1
L3 programming layer <2024-02-20>

(/nix/store/hq5zaw5vg3jrz0gkk3xykjz0jqnh3807-texlive-2023-env-texmfdist/tex/lat
ex/base/report.cls
Document Class: report 2023/05/17 v1.4n Standard LaTeX document class

(/nix/store/hq5zaw5vg3jrz0gkk3xykjz0jqnh3807-texlive-2023-env-texmfdist/tex/lat
ex/base/size11.clo
File: size11.clo 2023/05/17 v1.4n Standard LaTeX file (size option)
)
\c@part=\count188
\c@chapter=\count189
\c@section=\count190
\c@subsection=\count191
\c@subsubsection=\count192
\c@paragraph=\count193
\c@subparagraph=\count194
\c@figure=\count195
\c@table=\count196
\abovecaptionskip=\skip48
\belowcaptionskip=\skip49
\bibindent=\dimen140
)
(/nix/store/hq5zaw5vg3jrz0gkk3xykjz0jqnh3807-texlive-2023-env-texmfdist/tex/lat
ex/geometry/geometry.sty
Package: geometry 2020/01/02 v5.9 Page Geometry

(/nix/store/hq5zaw5vg3jrz0gkk3xykjz0jqnh3807-texlive-2023-env-texmfdist/tex/lat
ex/graphics/keyval.sty
Package: keyval 2022/05/29 v1.15 key=value parser (DPC)
\KV@toks@=\toks17
)
(/nix/store/hq5zaw5vg3jrz0gkk3xykjz0jqnh3807-texlive-2023-env-texmfdist/tex/gen
eric/iftex/ifvtex.sty
Package: ifvtex 2019/10/25 v1.7 ifvtex legacy package. Use iftex instead.

(/nix/store/hq5zaw5vg3jrz0gkk3xykjz0jqnh3807-texlive-2023-env-texmfdist/tex/gen
eric/iftex/iftex.sty
Package: iftex 2022/02/03 v1.0f TeX engine tests
))
\Gm@cnth=\count197
\Gm@cntv=\count198
\c@Gm@tempcnt=\count199
\Gm@bindingoffset=\dimen141
\Gm@wd@mp=\dimen142
\Gm@odd@mp=\dimen143
\Gm@even@mp=\dimen144
\Gm@layoutwidth=\dimen145
\Gm@layoutheight=\dimen146
\Gm@layouthoffset=\dimen147
\Gm@layoutvoffset=\dimen148
\Gm@dimlist=\toks18
)
(/nix/store/hq5zaw5vg3jrz0gkk3xykjz0jqnh3807-texlive-2023-env-texmfdist/tex/lat
ex/graphics/graphicx.sty
Package: graphicx 2021/09/16 v1.2d Enhanced LaTeX Graphics (DPC,SPQR)

(/nix/store/hq5zaw5vg3jrz0gkk3xykjz0jqnh3807-texlive-2023-env-texmfdist/tex/lat
ex/graphics/graphics.sty
Package: graphics 2022/03/10 v1.4e Standard LaTeX Graphics (DPC,SPQR)

(/nix/store/hq5zaw5vg3jrz0gkk3xykjz0jqnh3807-texlive-2023-env-texmfdist/tex/lat
ex/graphics/trig.sty
Package: trig 2021/08/11 v1.11 sin cos tan (DPC)
)
(/nix/store/hq5zaw5vg3jrz0gkk3xykjz0jqnh3807-texlive-2023-env-texmfdist/tex/lat
ex/graphics-cfg/graphics.cfg
File: graphics.cfg 2016/06/04 v1.11 sample graphics configuration
)
Package graphics Info: Driver file: pdftex.def on input line 107.

(/nix/store/hq5zaw5vg3jrz0gkk3xykjz0jqnh3807-texlive-2023-env-texmfdist/tex/lat
ex/graphics-def/pdftex.def
File: pdftex.def 2022/09/22 v1.2b Graphics/color driver for pdftex
))
\Gin@req@height=\dimen149
\Gin@req@width=\dimen150
)
(/nix/store/hq5zaw5vg3jrz0gkk3xykjz0jqnh3807-texlive-2023-env-texmfdist/tex/lat
ex/fancyhdr/fancyhdr.sty
Package: fancyhdr 2022/11/09 v4.1 Extensive control of page headers and footers

\f@nch@headwidth=\skip50
\f@nch@O@elh=\skip51
\f@nch@O@erh=\skip52
\f@nch@O@olh=\skip53
\f@nch@O@orh=\skip54
\f@nch@O@elf=\skip55
\f@nch@O@erf=\skip56
\f@nch@O@olf=\skip57
\f@nch@O@orf=\skip58
)
(/nix/store/hq5zaw5vg3jrz0gkk3xykjz0jqnh3807-texlive-2023-env-texmfdist/tex/lat
ex/titlesec/titlesec.sty
Package: titlesec 2023/10/27 v2.16 Sectioning titles
\ttl@box=\box51
\beforetitleunit=\skip59
\aftertitleunit=\skip60
\ttl@plus=\dimen151
\ttl@minus=\dimen152
\ttl@toksa=\toks19
\titlewidth=\dimen153
\titlewidthlast=\dimen154
\titlewidthfirst=\dimen155
)
(/nix/store/hq5zaw5vg3jrz0gkk3xykjz0jqnh3807-texlive-2023-env-texmfdist/tex/gen
eric/babel/babel.sty
Package: babel 2024/02/07 v24.2 The Babel package
\babel@savecnt=\count266
\U@D=\dimen156
\l@unhyphenated=\language89

(/nix/store/hq5zaw5vg3jrz0gkk3xykjz0jqnh3807-texlive-2023-env-texmfdist/tex/gen
eric/babel/txtbabel.def)
\bbl@readstream=\read2
\bbl@dirlevel=\count267

(/nix/store/hq5zaw5vg3jrz0gkk3xykjz0jqnh3807-texlive-2023-env-texmfdist/tex/gen
eric/babel-spanish/spanish.ldf
Language: spanish.ldf 2021/05/27 v5.0q Spanish support from the babel system
\es@quottoks=\toks20
\es@quotdepth=\count268
Package babel Info: Making " an active character on input line 570.
Package babel Info: Making . an active character on input line 675.
Package babel Info: Making < an active character on input line 722.
Package babel Info: Making > an active character on input line 722.
))
(/nix/store/hq5zaw5vg3jrz0gkk3xykjz0jqnh3807-texlive-2023-env-texmfdist/tex/gen
eric/babel/locale/es/babel-spanish.tex
Package babel Info: Importing font and identification data for spanish
(babel)             from babel-es.ini. Reported on input line 11.
)
(/nix/store/hq5zaw5vg3jrz0gkk3xykjz0jqnh3807-texlive-2023-env-texmfdist/tex/lat
ex/base/inputenc.sty
Package: inputenc 2021/02/14 v1.3d Input encoding file
\inpenc@prehook=\toks21
\inpenc@posthook=\toks22
)
(/nix/store/hq5zaw5vg3jrz0gkk3xykjz0jqnh3807-texlive-2023-env-texmfdist/tex/lat
ex/amsmath/amsmath.sty
Package: amsmath 2023/05/13 v2.17o AMS math features
\@mathmargin=\skip61

For additional information on amsmath, use the `?' option.

(/nix/store/hq5zaw5vg3jrz0gkk3xykjz0jqnh3807-texlive-2023-env-texmfdist/tex/lat
ex/amsmath/amstext.sty
Package: amstext 2021/08/26 v2.01 AMS text

(/nix/store/hq5zaw5vg3jrz0gkk3xykjz0jqnh3807-texlive-2023-env-texmfdist/tex/lat
ex/amsmath/amsgen.sty
File: amsgen.sty 1999/11/30 v2.0 generic functions
\@emptytoks=\toks23
\ex@=\dimen157
))
(/nix/store/hq5zaw5vg3jrz0gkk3xykjz0jqnh3807-texlive-2023-env-texmfdist/tex/lat
ex/amsmath/amsbsy.sty
Package: amsbsy 1999/11/29 v1.2d Bold Symbols
\pmbraise@=\dimen158
)
(/nix/store/hq5zaw5vg3jrz0gkk3xykjz0jqnh3807-texlive-2023-env-texmfdist/tex/lat
ex/amsmath/amsopn.sty
Package: amsopn 2022/04/08 v2.04 operator names
)
\inf@bad=\count269
LaTeX Info: Redefining \frac on input line 234.
\uproot@=\count270
\leftroot@=\count271
LaTeX Info: Redefining \overline on input line 399.
LaTeX Info: Redefining \colon on input line 410.
\classnum@=\count272
\DOTSCASE@=\count273
LaTeX Info: Redefining \ldots on input line 496.
LaTeX Info: Redefining \dots on input line 499.
LaTeX Info: Redefining \cdots on input line 620.
\Mathstrutbox@=\box52
\strutbox@=\box53
LaTeX Info: Redefining \big on input line 722.
LaTeX Info: Redefining \Big on input line 723.
LaTeX Info: Redefining \bigg on input line 724.
LaTeX Info: Redefining \Bigg on input line 725.
\big@size=\dimen159
LaTeX Font Info:    Redeclaring font encoding OML on input line 743.
LaTeX Font Info:    Redeclaring font encoding OMS on input line 744.
\macc@depth=\count274
LaTeX Info: Redefining \bmod on input line 905.
LaTeX Info: Redefining \pmod on input line 910.
LaTeX Info: Redefining \smash on input line 940.
LaTeX Info: Redefining \relbar on input line 970.
LaTeX Info: Redefining \Relbar on input line 971.
\c@MaxMatrixCols=\count275
\dotsspace@=\muskip16
\c@parentequation=\count276
\dspbrk@lvl=\count277
\tag@help=\toks24
\row@=\count278
\column@=\count279
\maxfields@=\count280
\andhelp@=\toks25
\eqnshift@=\dimen160
\alignsep@=\dimen161
\tagshift@=\dimen162
\tagwidth@=\dimen163
\totwidth@=\dimen164
\lineht@=\dimen165
\@envbody=\toks26
\multlinegap=\skip62
\multlinetaggap=\skip63
\mathdisplay@stack=\toks27
LaTeX Info: Redefining \[ on input line 2953.
LaTeX Info: Redefining \] on input line 2954.
)
(/nix/store/hq5zaw5vg3jrz0gkk3xykjz0jqnh3807-texlive-2023-env-texmfdist/tex/lat
ex/setspace/setspace.sty
Package: setspace 2022/12/04 v6.7b set line spacing
)
(/nix/store/hq5zaw5vg3jrz0gkk3xykjz0jqnh3807-texlive-2023-env-texmfdist/tex/lat
ex/svg/svg.sty
Package: svg 2020/11/26 v2.02k (include SVG pictures)

(/nix/store/hq5zaw5vg3jrz0gkk3xykjz0jqnh3807-texlive-2023-env-texmfdist/tex/lat
ex/koma-script/scrbase.sty
Package: scrbase 2023/07/07 v3.41 KOMA-Script package (KOMA-Script-independent 
basics and keyval usage)

(/nix/store/hq5zaw5vg3jrz0gkk3xykjz0jqnh3807-texlive-2023-env-texmfdist/tex/lat
ex/koma-script/scrlfile.sty
Package: scrlfile 2023/07/07 v3.41 KOMA-Script package (file load hooks)

(/nix/store/hq5zaw5vg3jrz0gkk3xykjz0jqnh3807-texlive-2023-env-texmfdist/tex/lat
ex/koma-script/scrlfile-hook.sty
Package: scrlfile-hook 2023/07/07 v3.41 KOMA-Script package (using LaTeX hooks)


(/nix/store/hq5zaw5vg3jrz0gkk3xykjz0jqnh3807-texlive-2023-env-texmfdist/tex/lat
ex/koma-script/scrlogo.sty
Package: scrlogo 2023/07/07 v3.41 KOMA-Script package (logo)
)))
Applying: [2021/05/01] Usage of raw or classic option list on input line 252.
Already applied: [0000/00/00] Usage of raw or classic option list on input line
 368.
)
(/nix/store/hq5zaw5vg3jrz0gkk3xykjz0jqnh3807-texlive-2023-env-texmfdist/tex/gen
eric/pdftexcmds/pdftexcmds.sty
Package: pdftexcmds 2020-06-27 v0.33 Utility functions of pdfTeX for LuaTeX (HO
)

(/nix/store/hq5zaw5vg3jrz0gkk3xykjz0jqnh3807-texlive-2023-env-texmfdist/tex/gen
eric/infwarerr/infwarerr.sty
Package: infwarerr 2019/12/03 v1.5 Providing info/warning/error messages (HO)
)
(/nix/store/hq5zaw5vg3jrz0gkk3xykjz0jqnh3807-texlive-2023-env-texmfdist/tex/gen
eric/ltxcmds/ltxcmds.sty
Package: ltxcmds 2023-12-04 v1.26 LaTeX kernel commands for general use (HO)
)
Package pdftexcmds Info: \pdf@primitive is available.
Package pdftexcmds Info: \pdf@ifprimitive is available.
Package pdftexcmds Info: \pdfdraftmode found.
)
(/nix/store/hq5zaw5vg3jrz0gkk3xykjz0jqnh3807-texlive-2023-env-texmfdist/tex/lat
ex/trimspaces/trimspaces.sty
Package: trimspaces 2009/09/17 v1.1 Trim spaces around a token list
)
(/nix/store/hq5zaw5vg3jrz0gkk3xykjz0jqnh3807-texlive-2023-env-texmfdist/tex/lat
ex/tools/shellesc.sty
Package: shellesc 2023/07/08 v1.0d unified shell escape interface for LaTeX
Package shellesc Info: Unrestricted shell escape enabled on input line 75.
)
(/nix/store/hq5zaw5vg3jrz0gkk3xykjz0jqnh3807-texlive-2023-env-texmfdist/tex/lat
ex/ifplatform/ifplatform.sty
Package: ifplatform 2017/10/13 v0.4a Testing for the operating system

(/nix/store/hq5zaw5vg3jrz0gkk3xykjz0jqnh3807-texlive-2023-env-texmfdist/tex/gen
eric/catchfile/catchfile.sty
Package: catchfile 2019/12/09 v1.8 Catch the contents of a file (HO)

(/nix/store/hq5zaw5vg3jrz0gkk3xykjz0jqnh3807-texlive-2023-env-texmfdist/tex/gen
eric/etexcmds/etexcmds.sty
Package: etexcmds 2019/12/15 v1.7 Avoid name clashes with e-TeX commands (HO)
))
(/nix/store/hq5zaw5vg3jrz0gkk3xykjz0jqnh3807-texlive-2023-env-texmfdist/tex/gen
eric/iftex/ifluatex.sty
Package: ifluatex 2019/10/25 v1.5 ifluatex legacy package. Use iftex instead.
)
runsystem(uname -s > "main.w18")...executed.

 (./main.w18)
runsystem(rm -- "main.w18")...executed.

)
\c@svg@param@lastpage=\count281
\svg@box=\box54
\c@svg@param@currpage=\count282
)
(/nix/store/hq5zaw5vg3jrz0gkk3xykjz0jqnh3807-texlive-2023-env-texmfdist/tex/lat
ex/xcolor/xcolor.sty
Package: xcolor 2023/11/15 v3.01 LaTeX color extensions (UK)

(/nix/store/hq5zaw5vg3jrz0gkk3xykjz0jqnh3807-texlive-2023-env-texmfdist/tex/lat
ex/graphics-cfg/color.cfg
File: color.cfg 2016/01/02 v1.6 sample color configuration
)
Package xcolor Info: Driver file: pdftex.def on input line 274.

(/nix/store/hq5zaw5vg3jrz0gkk3xykjz0jqnh3807-texlive-2023-env-texmfdist/tex/lat
ex/graphics/mathcolor.ltx)
Package xcolor Info: Model `cmy' substituted by `cmy0' on input line 1350.
Package xcolor Info: Model `hsb' substituted by `rgb' on input line 1354.
Package xcolor Info: Model `RGB' extended on input line 1366.
Package xcolor Info: Model `HTML' substituted by `rgb' on input line 1368.
Package xcolor Info: Model `Hsb' substituted by `hsb' on input line 1369.
Package xcolor Info: Model `tHsb' substituted by `hsb' on input line 1370.
Package xcolor Info: Model `HSB' substituted by `hsb' on input line 1371.
Package xcolor Info: Model `Gray' substituted by `gray' on input line 1372.
Package xcolor Info: Model `wave' substituted by `hsb' on input line 1373.
)
(/nix/store/hq5zaw5vg3jrz0gkk3xykjz0jqnh3807-texlive-2023-env-texmfdist/tex/lat
ex/transparent/transparent.sty
Package: transparent 2022-10-27 v1.5 Transparency with color stacks

(/nix/store/hq5zaw5vg3jrz0gkk3xykjz0jqnh3807-texlive-2023-env-texmfdist/tex/lat
ex/transparent/transparent-nometadata.sty
Package: transparent-nometadata 2022-10-27 v1.5 Transparency via pdfTeX's color
 stack (HO)

(/nix/store/hq5zaw5vg3jrz0gkk3xykjz0jqnh3807-texlive-2023-env-texmfdist/tex/lat
ex/auxhook/auxhook.sty
Package: auxhook 2019-12-17 v1.6 Hooks for auxiliary files (HO)
)))
(/nix/store/hq5zaw5vg3jrz0gkk3xykjz0jqnh3807-texlive-2023-env-texmfdist/tex/lat
ex/pgf/systemlayer/pgfsys.sty
(/nix/store/hq5zaw5vg3jrz0gkk3xykjz0jqnh3807-texlive-2023-env-texmfdist/tex/lat
ex/pgf/utilities/pgfrcs.sty
(/nix/store/hq5zaw5vg3jrz0gkk3xykjz0jqnh3807-texlive-2023-env-texmfdist/tex/gen
eric/pgf/utilities/pgfutil-common.tex
\pgfutil@everybye=\toks28
\pgfutil@tempdima=\dimen166
\pgfutil@tempdimb=\dimen167
)
(/nix/store/hq5zaw5vg3jrz0gkk3xykjz0jqnh3807-texlive-2023-env-texmfdist/tex/gen
eric/pgf/utilities/pgfutil-latex.def
\pgfutil@abb=\box55
)
(/nix/store/hq5zaw5vg3jrz0gkk3xykjz0jqnh3807-texlive-2023-env-texmfdist/tex/gen
eric/pgf/utilities/pgfrcs.code.tex
(/nix/store/hq5zaw5vg3jrz0gkk3xykjz0jqnh3807-texlive-2023-env-texmfdist/tex/gen
eric/pgf/pgf.revision.tex)
Package: pgfrcs 2023-01-15 v3.1.10 (3.1.10)
))
(/nix/store/hq5zaw5vg3jrz0gkk3xykjz0jqnh3807-texlive-2023-env-texmfdist/tex/gen
eric/pgf/systemlayer/pgfsys.code.tex
Package: pgfsys 2023-01-15 v3.1.10 (3.1.10)

(/nix/store/hq5zaw5vg3jrz0gkk3xykjz0jqnh3807-texlive-2023-env-texmfdist/tex/gen
eric/pgf/utilities/pgfkeys.code.tex
\pgfkeys@pathtoks=\toks29
\pgfkeys@temptoks=\toks30

(/nix/store/hq5zaw5vg3jrz0gkk3xykjz0jqnh3807-texlive-2023-env-texmfdist/tex/gen
eric/pgf/utilities/pgfkeyslibraryfiltered.code.tex
\pgfkeys@tmptoks=\toks31
))
\pgf@x=\dimen168
\pgf@y=\dimen169
\pgf@xa=\dimen170
\pgf@ya=\dimen171
\pgf@xb=\dimen172
\pgf@yb=\dimen173
\pgf@xc=\dimen174
\pgf@yc=\dimen175
\pgf@xd=\dimen176
\pgf@yd=\dimen177
\w@pgf@writea=\write3
\r@pgf@reada=\read3
\c@pgf@counta=\count283
\c@pgf@countb=\count284
\c@pgf@countc=\count285
\c@pgf@countd=\count286
\t@pgf@toka=\toks32
\t@pgf@tokb=\toks33
\t@pgf@tokc=\toks34
\pgf@sys@id@count=\count287

(/nix/store/hq5zaw5vg3jrz0gkk3xykjz0jqnh3807-texlive-2023-env-texmfdist/tex/gen
eric/pgf/systemlayer/pgf.cfg
File: pgf.cfg 2023-01-15 v3.1.10 (3.1.10)
)
Driver file for pgf: pgfsys-pdftex.def

(/nix/store/hq5zaw5vg3jrz0gkk3xykjz0jqnh3807-texlive-2023-env-texmfdist/tex/gen
eric/pgf/systemlayer/pgfsys-pdftex.def
File: pgfsys-pdftex.def 2023-01-15 v3.1.10 (3.1.10)

(/nix/store/hq5zaw5vg3jrz0gkk3xykjz0jqnh3807-texlive-2023-env-texmfdist/tex/gen
eric/pgf/systemlayer/pgfsys-common-pdf.def
File: pgfsys-common-pdf.def 2023-01-15 v3.1.10 (3.1.10)
)))
(/nix/store/hq5zaw5vg3jrz0gkk3xykjz0jqnh3807-texlive-2023-env-texmfdist/tex/gen
eric/pgf/systemlayer/pgfsyssoftpath.code.tex
File: pgfsyssoftpath.code.tex 2023-01-15 v3.1.10 (3.1.10)
\pgfsyssoftpath@smallbuffer@items=\count288
\pgfsyssoftpath@bigbuffer@items=\count289
)
(/nix/store/hq5zaw5vg3jrz0gkk3xykjz0jqnh3807-texlive-2023-env-texmfdist/tex/gen
eric/pgf/systemlayer/pgfsysprotocol.code.tex
File: pgfsysprotocol.code.tex 2023-01-15 v3.1.10 (3.1.10)
))
(/nix/store/hq5zaw5vg3jrz0gkk3xykjz0jqnh3807-texlive-2023-env-texmfdist/tex/lat
ex/hyperref/hyperref.sty
Package: hyperref 2024-01-20 v7.01h Hypertext links for LaTeX

(/nix/store/hq5zaw5vg3jrz0gkk3xykjz0jqnh3807-texlive-2023-env-texmfdist/tex/lat
ex/kvsetkeys/kvsetkeys.sty
Package: kvsetkeys 2022-10-05 v1.19 Key value parser (HO)
)
(/nix/store/hq5zaw5vg3jrz0gkk3xykjz0jqnh3807-texlive-2023-env-texmfdist/tex/gen
eric/kvdefinekeys/kvdefinekeys.sty
Package: kvdefinekeys 2019-12-19 v1.6 Define keys (HO)
)
(/nix/store/hq5zaw5vg3jrz0gkk3xykjz0jqnh3807-texlive-2023-env-texmfdist/tex/gen
eric/pdfescape/pdfescape.sty
Package: pdfescape 2019/12/09 v1.15 Implements pdfTeX's escape features (HO)
)
(/nix/store/hq5zaw5vg3jrz0gkk3xykjz0jqnh3807-texlive-2023-env-texmfdist/tex/lat
ex/hycolor/hycolor.sty
Package: hycolor 2020-01-27 v1.10 Color options for hyperref/bookmark (HO)
)
(/nix/store/hq5zaw5vg3jrz0gkk3xykjz0jqnh3807-texlive-2023-env-texmfdist/tex/lat
ex/hyperref/nameref.sty
Package: nameref 2023-11-26 v2.56 Cross-referencing by name of section

(/nix/store/hq5zaw5vg3jrz0gkk3xykjz0jqnh3807-texlive-2023-env-texmfdist/tex/lat
ex/refcount/refcount.sty
Package: refcount 2019/12/15 v3.6 Data extraction from label references (HO)
)
(/nix/store/hq5zaw5vg3jrz0gkk3xykjz0jqnh3807-texlive-2023-env-texmfdist/tex/gen
eric/gettitlestring/gettitlestring.sty
Package: gettitlestring 2019/12/15 v1.6 Cleanup title references (HO)

(/nix/store/hq5zaw5vg3jrz0gkk3xykjz0jqnh3807-texlive-2023-env-texmfdist/tex/lat
ex/kvoptions/kvoptions.sty
Package: kvoptions 2022-06-15 v3.15 Key value format for package options (HO)
))
\c@section@level=\count290
)
(/nix/store/hq5zaw5vg3jrz0gkk3xykjz0jqnh3807-texlive-2023-env-texmfdist/tex/lat
ex/etoolbox/etoolbox.sty
Package: etoolbox 2020/10/05 v2.5k e-TeX tools for LaTeX (JAW)
\etb@tempcnta=\count291
)
\@linkdim=\dimen178
\Hy@linkcounter=\count292
\Hy@pagecounter=\count293

(/nix/store/hq5zaw5vg3jrz0gkk3xykjz0jqnh3807-texlive-2023-env-texmfdist/tex/lat
ex/hyperref/pd1enc.def
File: pd1enc.def 2024-01-20 v7.01h Hyperref: PDFDocEncoding definition (HO)
Now handling font encoding PD1 ...
... no UTF-8 mapping file for font encoding PD1
)
(/nix/store/hq5zaw5vg3jrz0gkk3xykjz0jqnh3807-texlive-2023-env-texmfdist/tex/gen
eric/intcalc/intcalc.sty
Package: intcalc 2019/12/15 v1.3 Expandable calculations with integers (HO)
)
\Hy@SavedSpaceFactor=\count294

(/nix/store/hq5zaw5vg3jrz0gkk3xykjz0jqnh3807-texlive-2023-env-texmfdist/tex/lat
ex/hyperref/puenc.def
File: puenc.def 2024-01-20 v7.01h Hyperref: PDF Unicode definition (HO)
Now handling font encoding PU ...
... no UTF-8 mapping file for font encoding PU
)
Package hyperref Info: Hyper figures OFF on input line 4179.
Package hyperref Info: Link nesting OFF on input line 4184.
Package hyperref Info: Hyper index ON on input line 4187.
Package hyperref Info: Plain pages OFF on input line 4194.
Package hyperref Info: Backreferencing OFF on input line 4199.
Package hyperref Info: Implicit mode ON; LaTeX internals redefined.
Package hyperref Info: Bookmarks ON on input line 4446.
\c@Hy@tempcnt=\count295

(/nix/store/hq5zaw5vg3jrz0gkk3xykjz0jqnh3807-texlive-2023-env-texmfdist/tex/lat
ex/url/url.sty
\Urlmuskip=\muskip17
Package: url 2013/09/16  ver 3.4  Verb mode for urls, etc.
)
LaTeX Info: Redefining \url on input line 4784.
\XeTeXLinkMargin=\dimen179

(/nix/store/hq5zaw5vg3jrz0gkk3xykjz0jqnh3807-texlive-2023-env-texmfdist/tex/gen
eric/bitset/bitset.sty
Package: bitset 2019/12/09 v1.3 Handle bit-vector datatype (HO)

(/nix/store/hq5zaw5vg3jrz0gkk3xykjz0jqnh3807-texlive-2023-env-texmfdist/tex/gen
eric/bigintcalc/bigintcalc.sty
Package: bigintcalc 2019/12/15 v1.5 Expandable calculations on big integers (HO
)
))
\Fld@menulength=\count296
\Field@Width=\dimen180
\Fld@charsize=\dimen181
Package hyperref Info: Hyper figures OFF on input line 6063.
Package hyperref Info: Link nesting OFF on input line 6068.
Package hyperref Info: Hyper index ON on input line 6071.
Package hyperref Info: backreferencing OFF on input line 6078.
Package hyperref Info: Link coloring OFF on input line 6083.
Package hyperref Info: Link coloring with OCG OFF on input line 6088.
Package hyperref Info: PDF/A mode OFF on input line 6093.

(/nix/store/hq5zaw5vg3jrz0gkk3xykjz0jqnh3807-texlive-2023-env-texmfdist/tex/lat
ex/base/atbegshi-ltx.sty
Package: atbegshi-ltx 2021/01/10 v1.0c Emulation of the original atbegshi
package with kernel methods
)
\Hy@abspage=\count297
\c@Item=\count298
\c@Hfootnote=\count299
)
Package hyperref Info: Driver (autodetected): hpdftex.

(/nix/store/hq5zaw5vg3jrz0gkk3xykjz0jqnh3807-texlive-2023-env-texmfdist/tex/lat
ex/hyperref/hpdftex.def
File: hpdftex.def 2024-01-20 v7.01h Hyperref driver for pdfTeX

(/nix/store/hq5zaw5vg3jrz0gkk3xykjz0jqnh3807-texlive-2023-env-texmfdist/tex/lat
ex/base/atveryend-ltx.sty
Package: atveryend-ltx 2020/08/19 v1.0a Emulation of the original atveryend pac
kage
with kernel methods
)
\Fld@listcount=\count300
\c@bookmark@seq@number=\count301

(/nix/store/hq5zaw5vg3jrz0gkk3xykjz0jqnh3807-texlive-2023-env-texmfdist/tex/lat
ex/rerunfilecheck/rerunfilecheck.sty
Package: rerunfilecheck 2022-07-10 v1.10 Rerun checks for auxiliary files (HO)

(/nix/store/hq5zaw5vg3jrz0gkk3xykjz0jqnh3807-texlive-2023-env-texmfdist/tex/gen
eric/uniquecounter/uniquecounter.sty
Package: uniquecounter 2019/12/15 v1.4 Provide unlimited unique counter (HO)
)
Package uniquecounter Info: New unique counter `rerunfilecheck' on input line 2
85.
)
\Hy@SectionHShift=\skip64
)
(/nix/store/hq5zaw5vg3jrz0gkk3xykjz0jqnh3807-texlive-2023-env-texmfdist/tex/lat
ex/biblatex/biblatex.sty
Package: biblatex 2023/03/05 v3.19 programmable bibliographies (PK/MW)

(/nix/store/hq5zaw5vg3jrz0gkk3xykjz0jqnh3807-texlive-2023-env-texmfdist/tex/lat
ex/logreq/logreq.sty
Package: logreq 2010/08/04 v1.0 xml request logger
\lrq@indent=\count302

(/nix/store/hq5zaw5vg3jrz0gkk3xykjz0jqnh3807-texlive-2023-env-texmfdist/tex/lat
ex/logreq/logreq.def
File: logreq.def 2010/08/04 v1.0 logreq spec v1.0
))
(/nix/store/hq5zaw5vg3jrz0gkk3xykjz0jqnh3807-texlive-2023-env-texmfdist/tex/lat
ex/base/ifthen.sty
Package: ifthen 2022/04/13 v1.1d Standard LaTeX ifthen package (DPC)
)
\c@tabx@nest=\count303
\c@listtotal=\count304
\c@listcount=\count305
\c@liststart=\count306
\c@liststop=\count307
\c@citecount=\count308
\c@citetotal=\count309
\c@multicitecount=\count310
\c@multicitetotal=\count311
\c@instcount=\count312
\c@maxnames=\count313
\c@minnames=\count314
\c@maxitems=\count315
\c@minitems=\count316
\c@citecounter=\count317
\c@maxcitecounter=\count318
\c@savedcitecounter=\count319
\c@uniquelist=\count320
\c@uniquename=\count321
\c@refsection=\count322
\c@refsegment=\count323
\c@maxextratitle=\count324
\c@maxextratitleyear=\count325
\c@maxextraname=\count326
\c@maxextradate=\count327
\c@maxextraalpha=\count328
\c@abbrvpenalty=\count329
\c@highnamepenalty=\count330
\c@lownamepenalty=\count331
\c@maxparens=\count332
\c@parenlevel=\count333
\blx@tempcnta=\count334
\blx@tempcntb=\count335
\blx@tempcntc=\count336
\c@blx@maxsection=\count337
\blx@maxsegment@0=\count338
\blx@notetype=\count339
\blx@parenlevel@text=\count340
\blx@parenlevel@foot=\count341
\blx@sectionciteorder@0=\count342
\blx@sectionciteorderinternal@0=\count343
\blx@entrysetcounter=\count344
\blx@biblioinstance=\count345
\labelnumberwidth=\skip65
\labelalphawidth=\skip66
\biblabelsep=\skip67
\bibitemsep=\skip68
\bibnamesep=\skip69
\bibinitsep=\skip70
\bibparsep=\skip71
\bibhang=\skip72
\blx@bcfin=\read4
\blx@bcfout=\write4
\blx@langwohyphens=\language90
\c@mincomprange=\count346
\c@maxcomprange=\count347
\c@mincompwidth=\count348
Package biblatex Info: Trying to load biblatex default data model...
Package biblatex Info: ... file 'blx-dm.def' found.

(/nix/store/hq5zaw5vg3jrz0gkk3xykjz0jqnh3807-texlive-2023-env-texmfdist/tex/lat
ex/biblatex/blx-dm.def
File: blx-dm.def 2023/03/05 v3.19 biblatex localization (PK/MW)
)
Package biblatex Info: Trying to load biblatex style data model...
Package biblatex Info: ... file 'numeric.dbx' not found.
Package biblatex Info: Trying to load biblatex custom data model...
Package biblatex Info: ... file 'biblatex-dm.cfg' not found.
\c@afterword=\count349
\c@savedafterword=\count350
\c@annotator=\count351
\c@savedannotator=\count352
\c@author=\count353
\c@savedauthor=\count354
\c@bookauthor=\count355
\c@savedbookauthor=\count356
\c@commentator=\count357
\c@savedcommentator=\count358
\c@editor=\count359
\c@savededitor=\count360
\c@editora=\count361
\c@savededitora=\count362
\c@editorb=\count363
\c@savededitorb=\count364
\c@editorc=\count365
\c@savededitorc=\count366
\c@foreword=\count367
\c@savedforeword=\count368
\c@holder=\count369
\c@savedholder=\count370
\c@introduction=\count371
\c@savedintroduction=\count372
\c@namea=\count373
\c@savednamea=\count374
\c@nameb=\count375
\c@savednameb=\count376
\c@namec=\count377
\c@savednamec=\count378
\c@translator=\count379
\c@savedtranslator=\count380
\c@shortauthor=\count381
\c@savedshortauthor=\count382
\c@shorteditor=\count383
\c@savedshorteditor=\count384
\c@labelname=\count385
\c@savedlabelname=\count386
\c@institution=\count387
\c@savedinstitution=\count388
\c@lista=\count389
\c@savedlista=\count390
\c@listb=\count391
\c@savedlistb=\count392
\c@listc=\count393
\c@savedlistc=\count394
\c@listd=\count395
\c@savedlistd=\count396
\c@liste=\count397
\c@savedliste=\count398
\c@listf=\count399
\c@savedlistf=\count400
\c@location=\count401
\c@savedlocation=\count402
\c@organization=\count403
\c@savedorganization=\count404
\c@origlocation=\count405
\c@savedoriglocation=\count406
\c@origpublisher=\count407
\c@savedorigpublisher=\count408
\c@publisher=\count409
\c@savedpublisher=\count410
\c@language=\count411
\c@savedlanguage=\count412
\c@origlanguage=\count413
\c@savedoriglanguage=\count414
\c@pageref=\count415
\c@savedpageref=\count416
\shorthandwidth=\skip73
\shortjournalwidth=\skip74
\shortserieswidth=\skip75
\shorttitlewidth=\skip76
\shortauthorwidth=\skip77
\shorteditorwidth=\skip78
\locallabelnumberwidth=\skip79
\locallabelalphawidth=\skip80
\localshorthandwidth=\skip81
\localshortjournalwidth=\skip82
\localshortserieswidth=\skip83
\localshorttitlewidth=\skip84
\localshortauthorwidth=\skip85
\localshorteditorwidth=\skip86
Package biblatex Info: Trying to load compatibility code...
Package biblatex Info: ... file 'blx-compat.def' found.

(/nix/store/hq5zaw5vg3jrz0gkk3xykjz0jqnh3807-texlive-2023-env-texmfdist/tex/lat
ex/biblatex/blx-compat.def
File: blx-compat.def 2023/03/05 v3.19 biblatex compatibility (PK/MW)
)
Package biblatex Info: Trying to load generic definitions...
Package biblatex Info: ... file 'biblatex.def' found.

(/nix/store/hq5zaw5vg3jrz0gkk3xykjz0jqnh3807-texlive-2023-env-texmfdist/tex/lat
ex/biblatex/biblatex.def
File: biblatex.def 2023/03/05 v3.19 biblatex compatibility (PK/MW)
\c@textcitecount=\count417
\c@textcitetotal=\count418
\c@textcitemaxnames=\count419
\c@biburlbigbreakpenalty=\count420
\c@biburlbreakpenalty=\count421
\c@biburlnumpenalty=\count422
\c@biburlucpenalty=\count423
\c@biburllcpenalty=\count424
\biburlbigskip=\muskip18
\biburlnumskip=\muskip19
\biburlucskip=\muskip20
\biburllcskip=\muskip21
\c@smartand=\count425
)
Package biblatex Info: Trying to load bibliography style 'numeric'...
Package biblatex Info: ... file 'numeric.bbx' found.

(/nix/store/hq5zaw5vg3jrz0gkk3xykjz0jqnh3807-texlive-2023-env-texmfdist/tex/lat
ex/biblatex/bbx/numeric.bbx
File: numeric.bbx 2023/03/05 v3.19 biblatex bibliography style (PK/MW)
Package biblatex Info: Trying to load bibliography style 'standard'...
Package biblatex Info: ... file 'standard.bbx' found.

(/nix/store/hq5zaw5vg3jrz0gkk3xykjz0jqnh3807-texlive-2023-env-texmfdist/tex/lat
ex/biblatex/bbx/standard.bbx
File: standard.bbx 2023/03/05 v3.19 biblatex bibliography style (PK/MW)
\c@bbx:relatedcount=\count426
\c@bbx:relatedtotal=\count427
))
Package biblatex Info: Trying to load citation style 'numeric'...
Package biblatex Info: ... file 'numeric.cbx' found.

(/nix/store/hq5zaw5vg3jrz0gkk3xykjz0jqnh3807-texlive-2023-env-texmfdist/tex/lat
ex/biblatex/cbx/numeric.cbx
File: numeric.cbx 2023/03/05 v3.19 biblatex citation style (PK/MW)
Package biblatex Info: Redefining '\cite'.
Package biblatex Info: Redefining '\parencite'.
Package biblatex Info: Redefining '\footcite'.
Package biblatex Info: Redefining '\footcitetext'.
Package biblatex Info: Redefining '\smartcite'.
Package biblatex Info: Redefining '\supercite'.
Package biblatex Info: Redefining '\textcite'.
Package biblatex Info: Redefining '\textcites'.
Package biblatex Info: Redefining '\cites'.
Package biblatex Info: Redefining '\parencites'.
Package biblatex Info: Redefining '\smartcites'.
)
Package biblatex Info: Trying to load configuration file...
Package biblatex Info: ... file 'biblatex.cfg' found.

(/nix/store/hq5zaw5vg3jrz0gkk3xykjz0jqnh3807-texlive-2023-env-texmfdist/tex/lat
ex/biblatex/biblatex.cfg
File: biblatex.cfg 
)
Package biblatex Info: Input encoding 'utf8' detected.
Package biblatex Info: Document encoding is UTF8 ....

(/nix/store/hq5zaw5vg3jrz0gkk3xykjz0jqnh3807-texlive-2023-env-texmfdist/tex/lat
ex/l3kernel/expl3.sty
Package: expl3 2024-02-20 L3 programming layer (loader) 

(/nix/store/hq5zaw5vg3jrz0gkk3xykjz0jqnh3807-texlive-2023-env-texmfdist/tex/lat
ex/l3backend/l3backend-pdftex.def
File: l3backend-pdftex.def 2024-02-20 L3 backend support: PDF output (pdfTeX)
\l__color_backend_stack_int=\count428
\l__pdf_internal_box=\box56
))
Package biblatex Info: ... and expl3
(biblatex)             2024-02-20 L3 programming layer (loader) 
(biblatex)             is new enough (at least 2020/04/06),
(biblatex)             setting 'casechanger=expl3'.

(/nix/store/hq5zaw5vg3jrz0gkk3xykjz0jqnh3807-texlive-2023-env-texmfdist/tex/lat
ex/biblatex/blx-case-expl3.sty
(/nix/store/hq5zaw5vg3jrz0gkk3xykjz0jqnh3807-texlive-2023-env-texmfdist/tex/lat
ex/l3packages/xparse/xparse.sty
Package: xparse 2024-02-18 L3 Experimental document command parser
)
Package: blx-case-expl3 2023/03/05 v3.19 expl3 case changing code for biblatex
))
Package hyperref Info: Option `colorlinks' set `true' on input line 21.

(/nix/store/hq5zaw5vg3jrz0gkk3xykjz0jqnh3807-texlive-2023-env-texmfdist/tex/lat
ex/psnfss/helvet.sty
Package: helvet 2020/03/25 PSNFSS-v9.3 (WaS) 
)

Package biblatex Warning: 'babel/polyglossia' detected but 'csquotes' missing.
(biblatex)                Loading 'csquotes' recommended.

\@quotelevel=\count429
\@quotereset=\count430
LaTeX Font Info:    Trying to load font information for OT1+phv on input line 6
6.

(/nix/store/hq5zaw5vg3jrz0gkk3xykjz0jqnh3807-texlive-2023-env-texmfdist/tex/lat
ex/psnfss/ot1phv.fd
File: ot1phv.fd 2020/03/25 scalable font definitions for OT1/phv.
) (./main.aux
LaTeX Info: Redefining \. on input line 13.
LaTeX Info: Redefining \% on input line 13.
)
\openout1 = `main.aux'.

LaTeX Font Info:    Checking defaults for OML/cmm/m/it on input line 66.
LaTeX Font Info:    ... okay on input line 66.
LaTeX Font Info:    Checking defaults for OMS/cmsy/m/n on input line 66.
LaTeX Font Info:    ... okay on input line 66.
LaTeX Font Info:    Checking defaults for OT1/cmr/m/n on input line 66.
LaTeX Font Info:    ... okay on input line 66.
LaTeX Font Info:    Checking defaults for T1/cmr/m/n on input line 66.
LaTeX Font Info:    ... okay on input line 66.
LaTeX Font Info:    Checking defaults for TS1/cmr/m/n on input line 66.
LaTeX Font Info:    ... okay on input line 66.
LaTeX Font Info:    Checking defaults for OMX/cmex/m/n on input line 66.
LaTeX Font Info:    ... okay on input line 66.
LaTeX Font Info:    Checking defaults for U/cmr/m/n on input line 66.
LaTeX Font Info:    ... okay on input line 66.
LaTeX Font Info:    Checking defaults for PD1/pdf/m/n on input line 66.
LaTeX Font Info:    ... okay on input line 66.
LaTeX Font Info:    Checking defaults for PU/pdf/m/n on input line 66.
LaTeX Font Info:    ... okay on input line 66.

*geometry* driver: auto-detecting
*geometry* detected driver: pdftex
*geometry* verbose mode - [ preamble ] result:
* driver: pdftex
* paper: a4paper
* layout: <same size as paper>
* layoutoffset:(h,v)=(0.0pt,0.0pt)
* modes: includehead includefoot twoside 
* h-part:(L,W,R)=(71.13188pt, 455.24411pt, 71.13188pt)
* v-part:(T,H,B)=(71.13188pt, 702.78308pt, 71.13188pt)
* \paperwidth=597.50787pt
* \paperheight=845.04684pt
* \textwidth=455.24411pt
* \textheight=605.42484pt
* \oddsidemargin=-1.1381pt
* \evensidemargin=-1.1381pt
* \topmargin=-1.1381pt
* \headheight=14.30174pt
* \headsep=42.67912pt
* \topskip=11.0pt
* \footskip=42.67912pt
* \marginparwidth=103.0pt
* \marginparsep=10.0pt
* \columnsep=10.0pt
* \skip\footins=10.0pt plus 4.0pt minus 2.0pt
* \hoffset=0.0pt
* \voffset=0.0pt
* \mag=1000
* \@twocolumnfalse
* \@twosidetrue
* \@mparswitchtrue
* \@reversemarginfalse
* (1in=72.27pt=25.4mm, 1cm=28.453pt)


(/nix/store/hq5zaw5vg3jrz0gkk3xykjz0jqnh3807-texlive-2023-env-texmfdist/tex/con
text/base/mkii/supp-pdf.mkii
[Loading MPS to PDF converter (version 2006.09.02).]
\scratchcounter=\count431
\scratchdimen=\dimen182
\scratchbox=\box57
\nofMPsegments=\count432
\nofMParguments=\count433
\everyMPshowfont=\toks35
\MPscratchCnt=\count434
\MPscratchDim=\dimen183
\MPnumerator=\count435
\makeMPintoPDFobject=\count436
\everyMPtoPDFconversion=\toks36
)
(/nix/store/hq5zaw5vg3jrz0gkk3xykjz0jqnh3807-texlive-2023-env-texmfdist/tex/lat
ex/epstopdf-pkg/epstopdf-base.sty
Package: epstopdf-base 2020-01-24 v2.11 Base part for package epstopdf
Package epstopdf-base Info: Redefining graphics rule for `.eps' on input line 4
85.

(/nix/store/hq5zaw5vg3jrz0gkk3xykjz0jqnh3807-texlive-2023-env-texmfdist/tex/lat
ex/latexconfig/epstopdf-sys.cfg
File: epstopdf-sys.cfg 2010/07/13 v1.3 Configuration of (r)epstopdf for TeX Liv
e
))
LaTeX Info: Redefining \. on input line 66.
LaTeX Info: Redefining \% on input line 66.
Package hyperref Info: Link coloring ON on input line 66.
 (./main.out) (./main.out)
\@outlinefile=\write5
\openout5 = `main.out'.

Package biblatex Info: Trying to load language 'spanish'...
Package biblatex Info: ... file 'spanish.lbx' found.

(/nix/store/hq5zaw5vg3jrz0gkk3xykjz0jqnh3807-texlive-2023-env-texmfdist/tex/lat
ex/biblatex/lbx/spanish.lbx
File: spanish.lbx 2023/03/05 v3.19 biblatex localization (PK/MW)
)
Package biblatex Info: Input encoding 'utf8' detected.
Package biblatex Info: Automatic encoding selection.
(biblatex)             Assuming data encoding 'utf8'.
\openout4 = `main.bcf'.

Package biblatex Info: Trying to load bibliographic data...
Package biblatex Info: ... file 'main.bbl' found.
 (./main.bbl)
Package biblatex Info: Reference section=0 on input line 66.
Package biblatex Info: Reference segment=0 on input line 66.
 [1

{/nix/store/6mwwagllxf2cnjrn6yp9vm5f1ifaw32i-texlive-2023-env/share/texmf-var/f
onts/map/pdftex/updmap/pdftex.map}{/nix/store/hq5zaw5vg3jrz0gkk3xykjz0jqnh3807-
texlive-2023-env-texmfdist/fonts/enc/dvips/base/8r.enc}] (./capitulos/resumen/m
ain.tex
LaTeX Font Info:    Trying to load font information for TS1+phv on input line 2
0.

(/nix/store/hq5zaw5vg3jrz0gkk3xykjz0jqnh3807-texlive-2023-env-texmfdist/tex/lat
ex/psnfss/ts1phv.fd
File: ts1phv.fd 2020/03/25 scalable font definitions for TS1/phv.
)) [2


] (./main.toc
LaTeX Info: Redefining \sptext on input line 1.
LaTeX Info: Redefining \. on input line 1.
LaTeX Info: Redefining \% on input line 1.
)
\tf@toc=\write6
\openout6 = `main.toc'.

 [3


]
Cap\'{\i }tulo 1.
(./capitulos/introduccion/main.tex
Underfull \vbox (badness 2359) has occurred while \output is active []

 [4


]
[5]
LaTeX Info: Redefining \. on input line 32.
LaTeX Info: Redefining \% on input line 32.
 [6]) [7]
LaTeX Info: Redefining \. on input line 110.
LaTeX Info: Redefining \% on input line 110.
 [8]
Cap\'{\i }tulo 2.
(./capitulos/objetivos/main.tex) [9

]
Cap\'{\i }tulo 3.
(./capitulos/metodologia/main.tex
Package svg Info: Last page of `./svg-inkscape/volume_curse_of_dimensionality_p
rint_svg-tex.pdf' is 1 on input line 16.

(./svg-inkscape/volume_curse_of_dimensionality_print_svg-tex.pdf_tex
<./svg-inkscape/volume_curse_of_dimensionality_print_svg-tex.pdf, id=153, page=
1, 249.61583pt x 125.46773pt>
File: ./svg-inkscape/volume_curse_of_dimensionality_print_svg-tex.pdf Graphic f
ile (type pdf)
<use ./svg-inkscape/volume_curse_of_dimensionality_print_svg-tex.pdf, page 1>
Package pdftex.def Info: ./svg-inkscape/volume_curse_of_dimensionality_print_sv
g-tex.pdf , page1 used on input line 56.
(pdftex.def)             Requested size: 273.14923pt x 137.30655pt.
) [10

 <./svg-inkscape/volume_curse_of_dimensionality_print_svg-tex.pdf>]
<./capitulos/metodologia/images/gradient_based_vs_gradient_free.png, id=167, 70
5.63625pt x 686.565pt>
File: ./capitulos/metodologia/images/gradient_based_vs_gradient_free.png Graphi
c file (type png)
<use ./capitulos/metodologia/images/gradient_based_vs_gradient_free.png>
Package pdftex.def Info: ./capitulos/metodologia/images/gradient_based_vs_gradi
ent_free.png  used on input line 62.
(pdftex.def)             Requested size: 182.09486pt x 177.17221pt.
) [11 <./capitulos/metodologia/images/gradient_based_vs_gradient_free.png>]
Cap\'{\i }tulo 4.
(./capitulos/resultados_discusion/main.tex) [12

]
Cap\'{\i }tulo 5.
(./capitulos/conclusiones/main.tex) [13

]
Cap\'{\i }tulo 6.
(./capitulos/planificacion_presupuesto/main.tex) [14

]
LaTeX Font Info:    Font shape `OT1/phv/m/it' in size <10.95> not available
(Font)              Font shape `OT1/phv/m/sl' tried instead on input line 132.

Overfull \hbox (2.54929pt too wide) in paragraph at lines 133--133
[]\OT1/phv/m/n/10.95 Abhimanyu Du-bey et al. ``The Lla-ma 3 Herd of Mo-dels''. 
En: \OT1/phv/m/sl/10.95 ar-Xiv pre-print ar-Xiv:2407.21783
 []

[15

] (./main.aux
LaTeX Info: Redefining \sptext on input line 13.
LaTeX Info: Redefining \. on input line 13.
LaTeX Info: Redefining \% on input line 13.
)
 ***********
LaTeX2e <2023-11-01> patch level 1
L3 programming layer <2024-02-20>
 ***********
Package rerunfilecheck Info: File `main.out' has not changed.
(rerunfilecheck)             Checksum: 176E88D3B45A9B927FD373548459927A;4414.
Package logreq Info: Writing requests to 'main.run.xml'.
\openout1 = `main.run.xml'.

 ) 
Here is how much of TeX's memory you used:
 21659 strings out of 474116
 397517 string characters out of 5720541
 1939187 words of memory out of 5000000
 43637 multiletter control sequences out of 15000+600000
 582863 words of font info for 74 fonts, out of 8000000 for 9000
 1141 hyphenation exceptions out of 8191
 94i,12n,117p,1074b,1895s stack positions out of 10000i,1000n,20000p,200000b,200000s
</nix/store/hq5zaw5vg3jrz0gkk3xykjz0jqnh3807-texlive-2023-env-texmfdist/fonts
/type1/public/amsfonts/cm/cmmi10.pfb></nix/store/hq5zaw5vg3jrz0gkk3xykjz0jqnh38
07-texlive-2023-env-texmfdist/fonts/type1/public/amsfonts/cm/cmmi8.pfb></nix/st
ore/hq5zaw5vg3jrz0gkk3xykjz0jqnh3807-texlive-2023-env-texmfdist/fonts/type1/pub
lic/amsfonts/cm/cmr10.pfb></nix/store/hq5zaw5vg3jrz0gkk3xykjz0jqnh3807-texlive-
2023-env-texmfdist/fonts/type1/public/amsfonts/cm/cmsy10.pfb></nix/store/hq5zaw
5vg3jrz0gkk3xykjz0jqnh3807-texlive-2023-env-texmfdist/fonts/type1/public/amsfon
ts/cm/cmtt10.pfb></nix/store/hq5zaw5vg3jrz0gkk3xykjz0jqnh3807-texlive-2023-env-
texmfdist/fonts/type1/urw/helvetic/uhvb8a.pfb></nix/store/hq5zaw5vg3jrz0gkk3xyk
jz0jqnh3807-texlive-2023-env-texmfdist/fonts/type1/urw/helvetic/uhvr8a.pfb></ni
x/store/hq5zaw5vg3jrz0gkk3xykjz0jqnh3807-texlive-2023-env-texmfdist/fonts/type1
/urw/helvetic/uhvro8a.pfb>
Output written on main.pdf (15 pages, 147694 bytes).
PDF statistics:
 252 PDF objects out of 1000 (max. 8388607)
 212 compressed objects within 3 object streams
 44 named destinations out of 1000 (max. 500000)
 196 words of extra memory for PDF output out of 10000 (max. 10000000)

